[INFO ] 2023-01-17 09:49:16.719 [main] CowDAO - No suitable driver found for jdbc:mysql://52.59.193.212:3306/Farm
[INFO ] 2023-01-17 09:49:16.728 [main] Main - []
[INFO ] 2023-01-17 09:49:16.729 [main] CowDAO - No suitable driver found for jdbc:mysql://52.59.193.212:3306/Farm
[INFO ] 2023-01-17 09:49:16.729 [main] Main - null
[INFO ] 2023-01-17 09:49:22.255 [main] CowDAO - No suitable driver found for jdbc:mysql://52.59.193.212:3306/Farm
[INFO ] 2023-01-17 09:49:22.257 [main] Main - []
[INFO ] 2023-01-17 09:49:22.258 [main] CowDAO - No suitable driver found for jdbc:mysql://52.59.193.212:3306/Farm
[INFO ] 2023-01-17 09:49:22.258 [main] Main - null
[INFO ] 2023-01-17 09:54:06.329 [main] Main - [Animal{age=10, name='Телёнок', weight=35.7}]
[INFO ] 2023-01-17 09:54:07.312 [main] CowDAO - Unknown column 'id' in 'where clause'
[INFO ] 2023-01-17 09:54:07.312 [main] Main - null
[INFO ] 2023-01-17 09:58:10.327 [main] Main - [Animal{age=10, name='Телёнок', weight=35.7}]
[INFO ] 2023-01-17 09:58:11.580 [main] Main - null
[INFO ] 2023-01-17 09:58:27.171 [main] Main - [Animal{age=10, name='Телёнок', weight=35.7}]
[INFO ] 2023-01-17 09:58:28.181 [main] Main - Animal{age=10, name='Телёнок', weight=35.7}
[INFO ] 2023-01-17 10:00:24.041 [main] Main - [Animal{age=10, name='Телёнок', weight=35.7}, Animal{age=15, name='Телёнок2', weight=28.9}, Animal{age=9, name='Телёнок3', weight=15.3}]
[INFO ] 2023-01-17 10:00:24.969 [main] Main - null
[INFO ] 2023-01-17 10:00:37.635 [main] Main - [Animal{age=10, name='Телёнок', weight=35.7}, Animal{age=15, name='Телёнок2', weight=28.9}, Animal{age=9, name='Телёнок3', weight=15.3}]
[INFO ] 2023-01-17 10:00:38.522 [main] Main - Animal{age=10, name='Телёнок', weight=35.7}
[INFO ] 2023-01-17 10:00:51.119 [main] Main - [Animal{age=10, name='Телёнок', weight=35.7}, Animal{age=15, name='Телёнок2', weight=28.9}, Animal{age=9, name='Телёнок3', weight=15.3}]
[INFO ] 2023-01-17 10:00:52.084 [main] Main - Animal{age=15, name='Телёнок2', weight=28.9}
[INFO ] 2023-01-17 11:05:46.839 [main] Main - [Animal{age=10, name='Телёнок', weight=35.7}, Animal{age=15, name='Телёнок2', weight=28.9}, Animal{age=9, name='Телёнок3', weight=15.3}]
[INFO ] 2023-01-17 11:05:47.791 [main] Main - Animal{age=15, name='Телёнок2', weight=28.9}
[INFO ] 2023-01-17 11:05:49.831 [main] Main - [Animal{age=10, name='Телёнок', weight=35.7}, Animal{age=9, name='Телёнок3', weight=15.3}]
[INFO ] 2023-01-17 11:46:11.200 [main] Main - [Animal{age=10, name='Телёнок', weight=35.7}, Animal{age=9, name='Телёнок3', weight=15.3}]
[INFO ] 2023-01-17 11:46:12.171 [main] Main - Animal{age=9, name='Телёнок3', weight=15.3}
[INFO ] 2023-01-17 11:46:14.037 [main] Main - [Animal{age=10, name='Телёнок', weight=35.7}]
